Arguments: 
  C:\Program Files\nodejs\node.exe C:\Program Files\nodejs\node_modules\yarn\bin\yarn.js add @types/node typescript ts-node -D

PATH: 
  C:\Program Files (x86)\Common Files\Oracle\Java\javapath;C:\Windows\system32;C:\Windows;C:\Windows\System32\Wbem;C:\Windows\System32\WindowsPowerShell\v1.0\;C:\Windows\System32\OpenSSH\;C:\Users\Administrator\AppData\Roaming\nvm;C:\Program Files\nodejs;C:\Program Files\Git\cmd;E:\mongo\bin;C:\Program Files\Dart\dart-sdk\bin;D:\sdk\flutter\bin;C:\Program Files\Java\jdk1.8.0_172\bin;;E:\微信web开发者工具\dll;C:\Users\Administrator\AppData\Local\Microsoft\WindowsApps;C:\Users\Administrator\AppData\Roaming\nvm;C:\Program Files\nodejs;E:\Microsoft VS Code\bin;E:\OpenSSL-Win64\bin;E:\APICloud Studio 3\bin;E:\安装程序\dartsdk-windows-x64-release\dart-sdk\bin;

Yarn version: 
  1.22.18

Node version: 
  12.16.1

Platform: 
  win32 x64

Trace: 
  Error: http://loan.git.com.cn/sadp-npm/repository/npm-group/typescript: ESOCKETTIMEDOUT
      at ClientRequest.<anonymous> (C:\Users\Administrator\AppData\Roaming\nvm\v12.16.1\node_modules\yarn\lib\cli.js:141510:19)
      at Object.onceWrapper (events.js:417:28)
      at ClientRequest.emit (events.js:311:20)
      at Socket.emitRequestTimeout (_http_client.js:714:9)
      at Object.onceWrapper (events.js:417:28)
      at Socket.emit (events.js:311:20)
      at Socket._onTimeout (net.js:478:8)
      at listOnTimeout (internal/timers.js:549:17)
      at processTimers (internal/timers.js:492:7)

npm manifest: 
  {
    "name": "waze",
    "version": "1.0.0",
    "description": "",
    "main": "index.js",
    "bin": {
      "waze": "./bin/waze"
    },
    "scripts": {
      "test": "echo \"Error: no test specified\" && exit 1"
    },
    "keywords": [],
    "author": "",
    "license": "ISC",
    "dependencies": {
      "commander": "^10.0.0"
    }
  }

yarn manifest: 
  No manifest

Lockfile: 
  # THIS IS AN AUTOGENERATED FILE. DO NOT EDIT THIS FILE DIRECTLY.
  # yarn lockfile v1
  
  
  commander@^10.0.0:
    version "10.0.0"
    resolved "http://loan.git.com.cn/sadp-npm/repository/npm-group/commander/-/commander-10.0.0.tgz#71797971162cd3cf65f0b9d24eb28f8d303acdf1"
    integrity sha512-zS5PnTI22FIRM6ylNW8G4Ap0IEOyk62fhLSD0+uHRT9McRCLGpkVNvao4bjimpK/GShynyQkFFxHhwMcETmduA==
